[GIN-VUE-ADMIN]2021/04/09 - 11:19:07.726	[34minfo[0m	/Users/donghongbing/golandProject/go/src/router/pkg/redis/redis.go:20	redis connect ping response:	{"pong": "PONG"}
[GIN-VUE-ADMIN]2021/04/09 - 11:19:07.727	[34minfo[0m	/Users/donghongbing/golandProject/go/src/router/filter/before_request_filter.go:17	æ³¨å†Œè¿‡æ»¤å™¨ï¼Œè¿‡æ»¤å™¨åç§°æ˜¯ï¼š	{"handleName": "JWT"}
[GIN-VUE-ADMIN]2021/04/09 - 11:19:07.727	[34minfo[0m	/Users/donghongbing/golandProject/go/src/router/server/http_server.go:34	æœåŠ¡å¯åŠ¨ä¸­ï¼ŒæœåŠ¡ç»‘å®šç«¯å£å·ï¼š	{"port": 9527}
[GIN-VUE-ADMIN]2021/04/09 - 11:19:27.586	[31merror[0m	/Users/donghongbing/golandProject/go/src/router/filter/before_request_filter.go:55	BeforeRequestFilter: 	{"err": "token is expired"}
[GIN-VUE-ADMIN]2021/04/09 - 11:19:48.161	[34minfo[0m	/Users/donghongbing/golandProject/go/src/router/pkg/redis/redis.go:20	redis connect ping response:	{"pong": "PONG"}
[GIN-VUE-ADMIN]2021/04/09 - 11:19:48.162	[34minfo[0m	/Users/donghongbing/golandProject/go/src/router/server/http_server.go:34	æœåŠ¡å¯åŠ¨ä¸­ï¼ŒæœåŠ¡ç»‘å®šç«¯å£å·ï¼š	{"port": 9527}
[GIN-VUE-ADMIN]2021/04/09 - 11:19:54.738	[31merror[0m	/Users/donghongbing/golandProject/go/src/router/server/http_proxy.go:59	match route is fail: 	{"err": "/gateway/user/getUserList, æœªåŒ¹é…ä¸Šè·¯ç”±"}
[GIN-VUE-ADMIN]2021/04/09 - 13:30:19.406	[34minfo[0m	/Users/donghongbing/golandProject/go/src/router/pkg/redis/redis.go:20	redis connect ping response:	{"pong": "PONG"}
[GIN-VUE-ADMIN]2021/04/09 - 13:30:19.407	[34minfo[0m	/Users/donghongbing/golandProject/go/src/router/filter/before_request_filter.go:17	æ³¨å†Œè¿‡æ»¤å™¨ï¼Œè¿‡æ»¤å™¨åç§°æ˜¯ï¼š	{"handleName": "JWT"}
[GIN-VUE-ADMIN]2021/04/09 - 13:30:19.407	[34minfo[0m	/Users/donghongbing/golandProject/go/src/router/server/http_server.go:34	æœåŠ¡å¯åŠ¨ä¸­ï¼ŒæœåŠ¡ç»‘å®šç«¯å£å·ï¼š	{"port": 9527}
[GIN-VUE-ADMIN]2021/04/09 - 13:30:25.199	[34minfo[0m	/Users/donghongbing/golandProject/go/src/router/pkg/redis/redis.go:20	redis connect ping response:	{"pong": "PONG"}
[GIN-VUE-ADMIN]2021/04/09 - 13:30:25.199	[34minfo[0m	/Users/donghongbing/golandProject/go/src/router/server/http_server.go:34	æœåŠ¡å¯åŠ¨ä¸­ï¼ŒæœåŠ¡ç»‘å®šç«¯å£å·ï¼š	{"port": 9527}
[GIN-VUE-ADMIN]2021/04/09 - 13:30:33.202	[31merror[0m	/Users/donghongbing/golandProject/go/src/router/server/http_proxy.go:59	match route is fail: 	{"err": "/gateway/user/getUserList, æœªåŒ¹é…ä¸Šè·¯ç”±"}
[GIN-VUE-ADMIN]2021/04/09 - 13:30:37.479	[31merror[0m	/Users/donghongbing/golandProject/go/src/router/server/http_proxy.go:59	match route is fail: 	{"err": "/base/user/getUserList, æœªåŒ¹é…ä¸Šè·¯ç”±"}
[GIN-VUE-ADMIN]2021/04/09 - 13:30:41.318	[34minfo[0m	/Users/donghongbing/golandProject/go/src/router/server/http_proxy.go:99	Http Proxy	{"è¯·æ±‚å®Œæˆ, è¯·æ±‚åœ°å€ï¼š": "/user/getUserList", "ç›®æ ‡åœ°å€ï¼š": "http://127.0.0.1:8080/user/getUserList"}
[GIN-VUE-ADMIN]2021/04/09 - 13:40:40.713	[34minfo[0m	/Users/donghongbing/golandProject/go/src/router/server/http_proxy.go:99	Http Proxy	{"è¯·æ±‚å®Œæˆ, è¯·æ±‚åœ°å€ï¼š": "/user/getUserList", "ç›®æ ‡åœ°å€ï¼š": "http://127.0.0.1:8080/user/getUserList"}
[GIN-VUE-ADMIN]2021/04/09 - 14:00:27.645	[34minfo[0m	/Users/donghongbing/golandProject/go/src/router/pkg/redis/redis.go:20	redis connect ping response:	{"pong": "PONG"}
[GIN-VUE-ADMIN]2021/04/09 - 14:00:27.646	[34minfo[0m	/Users/donghongbing/golandProject/go/src/router/filter/before_request_filter.go:17	æ³¨å†Œè¿‡æ»¤å™¨ï¼Œè¿‡æ»¤å™¨åç§°æ˜¯ï¼š	{"handleName": "JWT"}
[GIN-VUE-ADMIN]2021/04/09 - 14:00:27.646	[34minfo[0m	/Users/donghongbing/golandProject/go/src/router/server/http_server.go:34	æœåŠ¡å¯åŠ¨ä¸­ï¼ŒæœåŠ¡ç»‘å®šç«¯å£å·ï¼š	{"port": 9527}
[GIN-VUE-ADMIN]2021/04/09 - 14:00:42.658	[31merror[0m	/Users/donghongbing/golandProject/go/src/router/filter/before_request_filter.go:56	BeforeRequestFilter: 	{"err": "token is null"}
[GIN-VUE-ADMIN]2021/04/09 - 14:01:32.789	[31merror[0m	/Users/donghongbing/golandProject/go/src/router/filter/before_request_filter.go:56	BeforeRequestFilter: 	{"err": "token is null"}
[GIN-VUE-ADMIN]2021/04/09 - 14:02:10.573	[34minfo[0m	/Users/donghongbing/golandProject/go/src/router/server/http_proxy.go:100	Http Proxy	{"è¯·æ±‚å®Œæˆ, è¯·æ±‚åœ°å€ï¼š": "/base/login", "ç›®æ ‡åœ°å€ï¼š": "http://127.0.0.1:8080/base/login"}
